2022-10-14 17:05:23,992 (program_1) INFO  one-dimensional numpy array: 
[ 12.23  13.32 100.    36.32]
2022-10-14 17:05:32,986 (program_2) INFO  3x3 matrix : 
[[9 7 4]
 [5 3 4]
 [7 9 7]]
2022-10-14 17:05:41,426 (program_3) INFO null vector before updating: 
[0. 0. 0. 0. 0. 0. 0. 0. 0. 0.]
2022-10-14 17:05:41,427 (program_3) INFO null vector after updating '6th' value: 
[ 0.  0.  0.  0.  0.  0. 11.  0.  0.  0.]
2022-10-14 17:05:53,382 (program_4) INFO original array: 
[12 13 14 15 16 17 18 19 20 21 22 23 24 25 26 27 28 29 30 31 32 33 34 35
 36 37]
2022-10-14 17:05:53,383 (program_4) INFO array after reversing: 
[37 36 35 34 33 32 31 30 29 28 27 26 25 24 23 22 21 20 19 18 17 16 15 14
 13 12]
2022-10-14 17:06:08,729 (program_5) INFO original array: 
[[1. 1. 1. 1. 1.]
 [1. 1. 1. 1. 1.]
 [1. 1. 1. 1. 1.]
 [1. 1. 1. 1. 1.]
 [1. 1. 1. 1. 1.]]
2022-10-14 17:06:08,730 (program_5) INFO array after updating: 
[[1. 1. 1. 1. 1.]
 [1. 0. 0. 0. 1.]
 [1. 0. 0. 0. 1.]
 [1. 0. 0. 0. 1.]
 [1. 1. 1. 1. 1.]]
2022-10-14 17:06:19,779 (program_6) INFO original array: 
[[1. 1. 1.]
 [1. 1. 1.]
 [1. 1. 1.]]
2022-10-14 17:06:19,780 (program_6) INFO after filling '0' inside array: 
[[0. 0. 0. 0. 0.]
 [0. 1. 1. 1. 0.]
 [0. 1. 1. 1. 0.]
 [0. 1. 1. 1. 0.]
 [0. 0. 0. 0. 0.]]
2022-10-14 17:06:34,339 (program_7) INFO original array: 
[[1. 1. 1. 1. 1. 1. 1. 1.]
 [1. 1. 1. 1. 1. 1. 1. 1.]
 [1. 1. 1. 1. 1. 1. 1. 1.]
 [1. 1. 1. 1. 1. 1. 1. 1.]
 [1. 1. 1. 1. 1. 1. 1. 1.]
 [1. 1. 1. 1. 1. 1. 1. 1.]
 [1. 1. 1. 1. 1. 1. 1. 1.]
 [1. 1. 1. 1. 1. 1. 1. 1.]]
2022-10-14 17:06:34,346 (program_7) INFO checkerboard pattern: 
[[0. 1. 0. 1. 0. 1. 0. 1.]
 [1. 0. 1. 0. 1. 0. 1. 0.]
 [0. 1. 0. 1. 0. 1. 0. 1.]
 [1. 0. 1. 0. 1. 0. 1. 0.]
 [0. 1. 0. 1. 0. 1. 0. 1.]
 [1. 0. 1. 0. 1. 0. 1. 0.]
 [0. 1. 0. 1. 0. 1. 0. 1.]
 [1. 0. 1. 0. 1. 0. 1. 0.]]
2022-10-14 17:06:51,521 (program_8) INFO after converting list to array: 
[1 2 3 4 5 6 7 8]
2022-10-14 17:06:51,524 (program_8) INFO after converting tuple to array: 
[[8 4 6]
 [1 2 3]]
2022-10-14 17:07:01,603 (program_9) INFO original array: [10, 20, 30]
2022-10-14 17:07:01,605 (program_9) INFO after appending array: [10 20 30 40 50 60 70 80 90]
2022-10-14 17:07:10,752 (program_10) INFO original complex number arrays are: 
[(1+0j), (0.70710678+0.70710678j)]
2022-10-14 17:07:10,755 (program_10) INFO 
real number: [1.         0.70710678] and 
complex number: [0.         0.70710678]
2022-10-14 17:07:21,345 (program_11) INFO  
size of array: 3, 
length of one array element in list: 8 and 
total bytes consumed by element of an array: 24
2022-10-14 17:07:27,719 (program_12) INFO 
Array-1: [0, 10, 20, 40, 60] and 
Array-2: [10, 30, 40]
2022-10-14 17:07:27,723 (program_12) INFO 
common_values: [10 40]
2022-10-14 17:07:32,966 (program_13) INFO 
Array-1: [0, 10, 20, 40, 60, 80] and 
Array-2: [10, 30, 40, 50, 70, 90]
2022-10-14 17:07:32,969 (program_13) INFO 
difference of two arrays: [ 0 20 60 80]
2022-10-14 17:07:55,352 (program_14) INFO 
Array-1: [ 0 10 20 40 60 80] and 
Array-2: [10 30 40 50 70 90]
2022-10-14 17:07:55,355 (program_14) INFO 
difference of two arrays: [ 0 20 30 50 60 70 80 90]
2022-10-14 17:08:06,501 (program_15) INFO Array 1: [0, 10]
2022-10-14 17:08:06,503 (program_15) INFO Array 2: [40, 50]
2022-10-14 17:08:06,504 (program_15) INFO Array 1 > Array 2
2022-10-14 17:08:06,505 (program_15) INFO [False False]
2022-10-14 17:08:06,507 (program_15) INFO Array 1 >= Array 2
2022-10-14 17:08:06,508 (program_15) INFO [False False]
2022-10-14 17:08:06,510 (program_15) INFO Array 1 < Array 2
2022-10-14 17:08:06,512 (program_15) INFO [ True  True]
2022-10-14 17:08:06,513 (program_15) INFO Array 1 <= Array 2
2022-10-14 17:08:06,514 (program_15) INFO [ True  True]
2022-10-14 17:08:14,051 (program_16) INFO Array-1: 
[[10 20 30]
 [20 40 50]]
2022-10-14 17:08:14,054 (program_16) INFO 
contiguous flattened array: [10 20 30 20 40 50]
2022-10-14 17:08:27,179 (program_17) INFO Array-1: 
[[ 2  4  6]
 [ 6  8 10]] and data type: int32
2022-10-14 17:08:27,182 (program_17) INFO new data type array : 
[[ 2.  4.  6.]
 [ 6.  8. 10.]]
2022-10-14 17:08:36,915 (program_18) INFO identity matrix: 
[[1. 0. 0.]
 [0. 1. 0.]
 [0. 0. 1.]]
2022-10-14 17:08:47,831 (program_19) INFO final array: 
[[0. 0. 0.]
 [1. 0. 0.]
 [1. 1. 0.]
 [1. 1. 1.]]
2022-10-14 17:08:59,247 (program_20) INFO final array: 
[[ 0  1  3  0  2  4]
 [ 5  7  9  6  8 10]]
2022-10-14 17:09:13,539 (program_21) INFO Test the array is read-only or not: 
2022-10-14 17:09:13,541 (program_21) INFO Try to change the value of the first element: 
2022-10-14 17:09:13,542 (program_21) ERROR Exception type : <class 'ValueError'> 
Error on line number : 40
Traceback (most recent call last):
  File "d:\MACHINE_LEARNING\CFP\PythonLibraries\Numpy\program_21.py", line 40, in make_immutable
    my_array1[0] = 5
ValueError: assignment destination is read-only
2022-10-14 17:09:26,639 (program_22) INFO original array elements: 
[[ 0  1  2  3]
 [ 4  5  6  7]
 [ 8  9 10 11]]
2022-10-14 17:09:26,642 (program_22) INFO new array elemts: 
[[ 0  3  6  9]
 [12 15 18 21]
 [24 27 30 33]]
2022-10-14 17:09:35,426 (program_23) INFO original array elements: 
[[0 1]
 [2 3]
 [4 5]]
2022-10-14 17:09:35,429 (program_23) INFO array to list: 
[[0, 1], [2, 3], [4, 5]]
2022-10-14 17:09:44,587 (program_24) INFO original array elements: 
[0.76745194 0.03478838 0.72038391 0.50445988 0.69768811 0.40013823
 0.81641487 0.84226116 0.50736243 0.1755889 ]
2022-10-14 17:09:44,590 (program_24) INFO array values with precision 3: 
[0.767 0.035 0.72  0.504 0.698 0.4   0.816 0.842 0.507 0.176]
2022-10-14 17:09:53,122 (program_25) INFO original array elements: 
[ 2.60e-10 -5.60e-01  1.60e+00  1.20e+03  2.35e-01]
2022-10-14 17:09:53,125 (program_25) INFO array values with suppresses for small numbers: 
[   0.      -0.56     1.6   1200.       0.235]
2022-10-14 17:10:07,488 (program_26) INFO final array: 
[[ 0  1  3 10]
 [ 5  7  9 20]]
2022-10-14 17:10:16,041 (program_27) INFO original array: 
[ 10  20  30  40  50  60  70  80  90 100]
2022-10-14 17:10:16,043 (program_27) INFO final array: 
[ 20  30  60  70  80  90 100]
2022-10-14 17:10:27,446 (program_28) INFO original array : 
[[ 0  1  2  3]
 [ 4  5  6  7]
 [ 8  9 10 11]]
2022-10-14 17:10:27,471 (program_28) INFO After loading, content of the text file: [[ 0.  1.  2.  3.]
 [ 4.  5.  6.  7.]
 [ 8.  9. 10. 11.]]
2022-10-15 01:57:24,207 (program_1) INFO  one-dimensional numpy array: 
[ 12.23  13.32 100.    36.32]
